<?xml version="1.0" encoding="UTF-8"?>
<!-- Generated by org.testng.reporters.JUnitReportReporter -->
<testsuite skipped="0" hostname="QTLSYS0-223" name="tests.QCStore" tests="1" failures="0" timestamp="16 Jun 2020 06:38:32 GMT" time="256.225" errors="0">
  <testcase name="TS_804_Store_ILP_Refi_01" time="256.225" classname="tests.QCStore"/>
</testsuite> <!-- tests.QCStore -->
